<?xml version="1.0" encoding="UTF-8"?>
<!-- Generated by org.testng.reporters.JUnitXMLReporter -->
<testsuite ignored="0" hostname="DESKTOP-T31TDU1" failures="0" tests="7" name="Linux-firefox" time="485.221" errors="0" timestamp="2025-11-10T12:36:38 IST">
  <testcase classname="testCases.TC_001_AccountRegistrationTest" name="testRegistration" time="17.732"/>
  <testcase classname="testCases.TC_002_LoginTest" name="TestLlogin" time="17.376"/>
  <testcase classname="testCases.TC_003_LoginDataDrivenTest" name="testLlogin" time="17.789"/>
  <testcase classname="testCases.TC_003_LoginDataDrivenTest" name="testLlogin" time="31.67"/>
  <testcase classname="testCases.TC_003_LoginDataDrivenTest" name="testLlogin" time="29.779"/>
  <testcase classname="testCases.TC_003_LoginDataDrivenTest" name="testLlogin" time="33.494"/>
  <testcase classname="testCases.TC_003_LoginDataDrivenTest" name="testLlogin" time="28.174"/>
</testsuite> <!-- Linux-firefox -->
